[    0.000000] Linux version 4.15.0-158-generic (buildd@lgw01-amd64-051) (gcc version 7.5.0 (Ubuntu 7.5.0-3ubuntu1~18.04)) #166-Ubuntu SMP Fri Sep 17 19:37:52 UTC 2021 (Ubuntu 4.15.0-158.166-generic 4.15.18)
[    0.000000] Command line: BOOT_IMAGE=/boot/vmlinuz-4.15.0-158-generic root=LABEL=cloudimg-rootfs ro console=tty1 console=ttyS0
[    0.000000] KERNEL supported cpus:
[    0.000000]   Intel GenuineIntel
[    0.000000]   AMD AuthenticAMD
[    0.000000]   Centaur CentaurHauls
[    0.000000] x86/fpu: Supporting XSAVE feature 0x001: 'x87 floating point registers'
[    0.000000] x86/fpu: Supporting XSAVE feature 0x002: 'SSE registers'
[    0.000000] x86/fpu: Supporting XSAVE feature 0x004: 'AVX registers'
[    0.000000] x86/fpu: xstate_offset[2]:  576, xstate_sizes[2]:  256
[    0.000000] x86/fpu: Enabled xstate features 0x7, context size is 832 bytes, using 'standard' format.
[    0.000000] e820: BIOS-provided physical RAM map:
[    0.000000] BIOS-e820: [mem 0x0000000000000000-0x000000000009fbff] usable
[    0.000000] BIOS-e820: [mem 0x000000000009fc00-0x000000000009ffff] reserved
[    0.000000] BIOS-e820: [mem 0x00000000000f0000-0x00000000000fffff] reserved
[    0.000000] BIOS-e820: [mem 0x0000000000100000-0x000000003ffeffff] usable
[    0.000000] BIOS-e820: [mem 0x000000003fff0000-0x000000003fffffff] ACPI data
[    0.000000] BIOS-e820: [mem 0x00000000fec00000-0x00000000fec00fff] reserved
[    0.000000] BIOS-e820: [mem 0x00000000fee00000-0x00000000fee00fff] reserved
[    0.000000] BIOS-e820: [mem 0x00000000fffc0000-0x00000000ffffffff] reserved
[    0.000000] NX (Execute Disable) protection: active
[    0.000000] SMBIOS 2.5 present.
[    0.000000] DMI: innotek GmbH VirtualBox/VirtualBox, BIOS VirtualBox 12/01/2006
[    0.000000] Hypervisor detected: KVM
[    0.000000] e820: last_pfn = 0x3fff0 max_arch_pfn = 0x400000000
[    0.000000] MTRR: Disabled
[    0.000000] x86/PAT: MTRRs disabled, skipping PAT initialization too.
[    0.000000] CPU MTRRs all blank - virtualized system.
[    0.000000] x86/PAT: Configuration [0-7]: WB  WT  UC- UC  WB  WT  UC- UC  
[    0.000000] found SMP MP-table at [mem 0x0009fff0-0x0009ffff]
[    0.000000] Scanning 1 areas for low memory corruption
[    0.000000] RAMDISK: [mem 0x359cf000-0x36cdefff]
[    0.000000] ACPI: Early table checksum verification disabled
[    0.000000] ACPI: RSDP 0x00000000000E0000 000024 (v02 VBOX  )
[    0.000000] ACPI: XSDT 0x000000003FFF0030 00003C (v01 VBOX   VBOXXSDT 00000001 ASL  00000061)
[    0.000000] ACPI: FACP 0x000000003FFF00F0 0000F4 (v04 VBOX   VBOXFACP 00000001 ASL  00000061)
[    0.000000] ACPI: DSDT 0x000000003FFF0470 002325 (v02 VBOX   VBOXBIOS 00000002 INTL 20100528)
[    0.000000] ACPI: FACS 0x000000003FFF0200 000040
[    0.000000] ACPI: FACS 0x000000003FFF0200 000040
[    0.000000] ACPI: APIC 0x000000003FFF0240 00005C (v02 VBOX   VBOXAPIC 00000001 ASL  00000061)
[    0.000000] ACPI: SSDT 0x000000003FFF02A0 0001CC (v01 VBOX   VBOXCPUT 00000002 INTL 20100528)
[    0.000000] ACPI: Reserving FACP table memory at [mem 0x3fff00f0-0x3fff01e3]
[    0.000000] ACPI: Reserving DSDT table memory at [mem 0x3fff0470-0x3fff2794]
[    0.000000] ACPI: Reserving FACS table memory at [mem 0x3fff0200-0x3fff023f]
[    0.000000] ACPI: Reserving FACS table memory at [mem 0x3fff0200-0x3fff023f]
[    0.000000] ACPI: Reserving APIC table memory at [mem 0x3fff0240-0x3fff029b]
[    0.000000] ACPI: Reserving SSDT table memory at [mem 0x3fff02a0-0x3fff046b]
[    0.000000] No NUMA configuration found
[    0.000000] Faking a node at [mem 0x0000000000000000-0x000000003ffeffff]
[    0.000000] NODE_DATA(0) allocated [mem 0x3ffc5000-0x3ffeffff]
[    0.000000] kvm-clock: cpu 0, msr 0:3ff44001, primary cpu clock
[    0.000000] kvm-clock: Using msrs 4b564d01 and 4b564d00
[    0.000000] kvm-clock: using sched offset of 4429504059 cycles
[    0.000000] clocksource: kvm-clock: mask: 0xffffffffffffffff max_cycles: 0x1cd42e4dffb, max_idle_ns: 881590591483 ns
[    0.000000] Zone ranges:
[    0.000000]   DMA      [mem 0x0000000000001000-0x0000000000ffffff]
[    0.000000]   DMA32    [mem 0x0000000001000000-0x000000003ffeffff]
[    0.000000]   Normal   empty
[    0.000000]   Device   empty
[    0.000000] Movable zone start for each node
[    0.000000] Early memory node ranges
[    0.000000]   node   0: [mem 0x0000000000001000-0x000000000009efff]
[    0.000000]   node   0: [mem 0x0000000000100000-0x000000003ffeffff]
[    0.000000] Reserved but unavailable: 104 pages
[    0.000000] Initmem setup node 0 [mem 0x0000000000001000-0x000000003ffeffff]
[    0.000000] ACPI: PM-Timer IO Port: 0x4008
[    0.000000] IOAPIC[0]: apic_id 2, version 32, address 0xfec00000, GSI 0-23
[    0.000000] ACPI: INT_SRC_OVR (bus 0 bus_irq 0 global_irq 2 dfl dfl)
[    0.000000] ACPI: INT_SRC_OVR (bus 0 bus_irq 9 global_irq 9 low level)
[    0.000000] Using ACPI (MADT) for SMP configuration information
[    0.000000] smpboot: Allowing 2 CPUs, 0 hotplug CPUs
[    0.000000] PM: Registered nosave memory: [mem 0x00000000-0x00000fff]
[    0.000000] PM: Registered nosave memory: [mem 0x0009f000-0x0009ffff]
[    0.000000] PM: Registered nosave memory: [mem 0x000a0000-0x000effff]
[    0.000000] PM: Registered nosave memory: [mem 0x000f0000-0x000fffff]
[    0.000000] e820: [mem 0x40000000-0xfebfffff] available for PCI devices
[    0.000000] Booting paravirtualized kernel on KVM
[    0.000000] clocksource: refined-jiffies: mask: 0xffffffff max_cycles: 0xffffffff, max_idle_ns: 7645519600211568 ns
[    0.000000] random: get_random_bytes called from start_kernel+0x99/0x500 with crng_init=0
[    0.000000] setup_percpu: NR_CPUS:8192 nr_cpumask_bits:2 nr_cpu_ids:2 nr_node_ids:1
[    0.000000] percpu: Embedded 45 pages/cpu s147456 r8192 d28672 u1048576
[    0.000000] PV qspinlock hash table entries: 256 (order: 0, 4096 bytes)
[    0.000000] Built 1 zonelists, mobility grouping on.  Total pages: 257913
[    0.000000] Policy zone: DMA32
[    0.000000] Kernel command line: BOOT_IMAGE=/boot/vmlinuz-4.15.0-158-generic root=LABEL=cloudimg-rootfs ro console=tty1 console=ttyS0
[    0.000000] Memory: 982716K/1048120K available (12300K kernel code, 2483K rwdata, 4320K rodata, 2448K init, 2724K bss, 65404K reserved, 0K cma-reserved)
[    0.000000] SLUB: HWalign=64, Order=0-3, MinObjects=0, CPUs=2, Nodes=1
[    0.000000] Kernel/User page tables isolation: enabled
[    0.000000] ftrace: allocating 39466 entries in 155 pages
[    0.004000] Hierarchical RCU implementation.
[    0.004000] 	RCU restricting CPUs from NR_CPUS=8192 to nr_cpu_ids=2.
[    0.004000] 	Tasks RCU enabled.
[    0.004000] RCU: Adjusting geometry for rcu_fanout_leaf=16, nr_cpu_ids=2
[    0.004000] NR_IRQS: 524544, nr_irqs: 440, preallocated irqs: 16
[    0.004000] Console: colour VGA+ 80x25
[    0.004000] console [tty1] enabled
[    0.004000] console [ttyS0] enabled
[    0.004000] ACPI: Core revision 20170831
[    0.004000] ACPI: 2 ACPI AML tables successfully acquired and loaded
[    0.004000] APIC: Switch to symmetric I/O mode setup
[    0.004000] x2apic enabled
[    0.004000] Switched APIC routing to physical x2apic.
[    0.004000] ..TIMER: vector=0x30 apic1=0 pin1=2 apic2=-1 pin2=-1
[    0.004004] tsc: Detected 2496.002 MHz processor
[    0.008009] Calibrating delay loop (skipped) preset value.. 4992.00 BogoMIPS (lpj=9984008)
[    0.010229] pid_max: default: 32768 minimum: 301
[    0.011522] Security Framework initialized
[    0.012002] Yama: becoming mindful.
[    0.013023] AppArmor: AppArmor initialized
[    0.016050] Dentry cache hash table entries: 131072 (order: 8, 1048576 bytes)
[    0.020066] Inode-cache hash table entries: 65536 (order: 7, 524288 bytes)
[    0.024014] Mount-cache hash table entries: 2048 (order: 2, 16384 bytes)
[    0.025760] Mountpoint-cache hash table entries: 2048 (order: 2, 16384 bytes)
[    0.028336] Last level iTLB entries: 4KB 128, 2MB 8, 4MB 8
[    0.029815] Last level dTLB entries: 4KB 64, 2MB 0, 4MB 0, 1GB 4
[    0.032003] Spectre V1 : Mitigation: usercopy/swapgs barriers and __user pointer sanitization
[    0.034432] Spectre V2 : Mitigation: Full generic retpoline
[    0.036003] Spectre V2 : Spectre v2 / SpectreRSB mitigation: Filling RSB on context switch
[    0.038497] Speculative Store Bypass: Vulnerable
[    0.040045] SRBDS: Unknown: Dependent on hypervisor status
[    0.041529] MDS: Mitigation: Clear CPU buffers
[    0.043069] Freeing SMP alternatives memory: 36K
[    0.155372] smpboot: CPU0: Intel(R) Core(TM) i5-7300HQ CPU @ 2.50GHz (family: 0x6, model: 0x9e, stepping: 0x9)
[    0.156000] Performance Events: unsupported p6 CPU model 158 no PMU driver, software events only.
[    0.156035] Hierarchical SRCU implementation.
[    0.158036] NMI watchdog: Perf event create on CPU 0 failed with -2
[    0.160002] NMI watchdog: Perf NMI watchdog permanently disabled
[    0.162059] smp: Bringing up secondary CPUs ...
[    0.164095] x86: Booting SMP configuration:
[    0.165497] .... node  #0, CPUs:      #1
[    0.004000] kvm-clock: cpu 1, msr 0:3ff44041, secondary cpu clock
[    0.172006] smp: Brought up 1 node, 2 CPUs
[    0.173159] smpboot: Max logical packages: 1
[    0.174347] smpboot: Total of 2 processors activated (9984.00 BogoMIPS)
[    0.176147] devtmpfs: initialized
[    0.177390] x86/mm: Memory block size: 128MB
[    0.179032] evm: security.selinux
[    0.180005] evm: security.SMACK64
[    0.181134] evm: security.SMACK64EXEC
[    0.182185] evm: security.SMACK64TRANSMUTE
[    0.184004] evm: security.SMACK64MMAP
[    0.185064] evm: security.apparmor
[    0.186055] evm: security.ima
[    0.186937] evm: security.capability
[    0.188083] clocksource: jiffies: mask: 0xffffffff max_cycles: 0xffffffff, max_idle_ns: 7645041785100000 ns
[    0.190606] futex hash table entries: 512 (order: 3, 32768 bytes)
[    0.192047] pinctrl core: initialized pinctrl subsystem
[    0.196133] RTC time:  9:44:58, date: 09/23/21
[    0.200188] NET: Registered protocol family 16
[    0.201795] audit: initializing netlink subsys (disabled)
[    0.204031] audit: type=2000 audit(1632390304.621:1): state=initialized audit_enabled=0 res=1
[    0.208018] cpuidle: using governor ladder
[    0.209351] cpuidle: using governor menu
[    0.210634] ACPI: bus type PCI registered
[    0.212003] acpiphp: ACPI Hot Plug PCI Controller Driver version: 0.5
[    0.213909] PCI: Using configuration type 1 for base access
[    0.217209] HugeTLB registered 2.00 MiB page size, pre-allocated 0 pages
[    0.220064] ACPI: Added _OSI(Module Device)
[    0.221328] ACPI: Added _OSI(Processor Device)
[    0.222707] ACPI: Added _OSI(3.0 _SCP Extensions)
[    0.224000] ACPI: Added _OSI(Processor Aggregator Device)
[    0.224005] ACPI: Added _OSI(Linux-Dell-Video)
[    0.225402] ACPI: Added _OSI(Linux-Lenovo-NV-HDMI-Audio)
[    0.228003] ACPI: Added _OSI(Linux-HPI-Hybrid-Graphics)
[    0.230087] ACPI: Executed 1 blocks of module-level executable AML code
[    0.239392] ACPI: Interpreter enabled
[    0.240020] ACPI: (supports S0 S5)
[    0.241133] ACPI: Using IOAPIC for interrupt routing
[    0.243011] PCI: Using host bridge windows from ACPI; if necessary, use "pci=nocrs" and report a bug
[    0.244251] ACPI: Enabled 2 GPEs in block 00 to 07
[    0.256957] ACPI: PCI Root Bridge [PCI0] (domain 0000 [bus 00-ff])
[    0.258788] acpi PNP0A03:00: _OSC: OS supports [ASPM ClockPM Segments MSI]
[    0.260801] acpi PNP0A03:00: _OSC: not requesting OS control; OS requires [ExtendedConfig ASPM ClockPM MSI]
[    0.264015] acpi PNP0A03:00: fail to add MMCONFIG information, can't access extended PCI configuration space under this bridge.
[    0.268520] PCI host bridge to bus 0000:00
[    0.269757] pci_bus 0000:00: root bus resource [io  0x0000-0x0cf7 window]
[    0.271704] pci_bus 0000:00: root bus resource [io  0x0d00-0xffff window]
[    0.272005] pci_bus 0000:00: root bus resource [mem 0x000a0000-0x000bffff window]
[    0.276003] pci_bus 0000:00: root bus resource [mem 0x40000000-0xfdffffff window]
[    0.280003] pci_bus 0000:00: root bus resource [bus 00-ff]
[    0.285208] pci 0000:00:01.1: legacy IDE quirk: reg 0x10: [io  0x01f0-0x01f7]
[    0.287284] pci 0000:00:01.1: legacy IDE quirk: reg 0x14: [io  0x03f6]
[    0.288003] pci 0000:00:01.1: legacy IDE quirk: reg 0x18: [io  0x0170-0x0177]
[    0.290076] pci 0000:00:01.1: legacy IDE quirk: reg 0x1c: [io  0x0376]
[    0.310309] pci 0000:00:07.0: quirk: [io  0x4000-0x403f] claimed by PIIX4 ACPI
[    0.312024] pci 0000:00:07.0: quirk: [io  0x4100-0x410f] claimed by PIIX4 SMB
[    0.322405] ACPI: PCI Interrupt Link [LNKA] (IRQs 5 9 10 *11)
[    0.324247] ACPI: PCI Interrupt Link [LNKB] (IRQs 5 9 *10 11)
[    0.326083] ACPI: PCI Interrupt Link [LNKC] (IRQs 5 *9 10 11)
[    0.327913] ACPI: PCI Interrupt Link [LNKD] (IRQs 5 9 10 *11)
[    0.328384] SCSI subsystem initialized
[    0.329719] pci 0000:00:02.0: vgaarb: setting as boot VGA device
[    0.329825] pci 0000:00:02.0: vgaarb: VGA device added: decodes=io+mem,owns=io+mem,locks=none
[    0.332014] pci 0000:00:02.0: vgaarb: bridge control possible
[    0.336011] vgaarb: loaded
[    0.336933] ACPI: bus type USB registered
[    0.340023] usbcore: registered new interface driver usbfs
[    0.341617] usbcore: registered new interface driver hub
[    0.343151] usbcore: registered new device driver usb
[    0.344058] EDAC MC: Ver: 3.0.0
[    0.345354] PCI: Using ACPI for IRQ routing
[    0.348362] NetLabel: Initializing
[    0.349578] NetLabel:  domain hash size = 128
[    0.351058] NetLabel:  protocols = UNLABELED CIPSOv4 CALIPSO
[    0.352021] NetLabel:  unlabeled traffic allowed by default
[    0.353864] clocksource: Switched to clocksource kvm-clock
[    0.391525] VFS: Disk quotas dquot_6.6.0
[    0.392844] VFS: Dquot-cache hash table entries: 512 (order 0, 4096 bytes)
[    0.394998] AppArmor: AppArmor Filesystem Enabled
[    0.396584] pnp: PnP ACPI init
[    0.399186] pnp: PnP ACPI: found 3 devices
[    0.410941] clocksource: acpi_pm: mask: 0xffffff max_cycles: 0xffffff, max_idle_ns: 2085701024 ns
[    0.413744] NET: Registered protocol family 2
[    0.415108] IP idents hash table entries: 16384 (order: 5, 131072 bytes)
[    0.426167] TCP established hash table entries: 8192 (order: 4, 65536 bytes)
[    0.428443] TCP bind hash table entries: 8192 (order: 5, 131072 bytes)
[    0.430472] TCP: Hash tables configured (established 8192 bind 8192)
[    0.432464] UDP hash table entries: 512 (order: 2, 16384 bytes)
[    0.434247] UDP-Lite hash table entries: 512 (order: 2, 16384 bytes)
[    0.436225] NET: Registered protocol family 1
[    0.437691] pci 0000:00:00.0: Limiting direct PCI/PCI transfers
[    0.439519] pci 0000:00:01.0: Activating ISA DMA hang workarounds
[    0.441524] pci 0000:00:02.0: Video device with shadowed ROM at [mem 0x000c0000-0x000dffff]
[    0.444261] Unpacking initramfs...
[    1.017535] Freeing initrd memory: 19520K
[    1.018855] clocksource: tsc: mask: 0xffffffffffffffff max_cycles: 0x23fa79125d1, max_idle_ns: 440795329579 ns
[    1.022135] platform rtc_cmos: registered platform RTC device (no PNP device found)
[    1.024817] Scanning for low memory corruption every 60 seconds
[    1.027489] Initialise system trusted keyrings
[    1.029023] Key type blacklist registered
[    1.030531] workingset: timestamp_bits=36 max_order=18 bucket_order=0
[    1.033977] zbud: loaded
[    1.035513] squashfs: version 4.0 (2009/01/31) Phillip Lougher
[    1.037722] fuse init (API version 7.26)
[    1.042289] Key type asymmetric registered
[    1.043582] Asymmetric key parser 'x509' registered
[    1.045325] Block layer SCSI generic (bsg) driver version 0.4 loaded (major 246)
[    1.047661] io scheduler noop registered
[    1.049144] io scheduler deadline registered
[    1.050582] io scheduler cfq registered (default)
[    1.052429] ACPI: AC Adapter [AC] (off-line)
[    1.053984] input: Power Button as /devices/LNXSYSTM:00/LNXPWRBN:00/input/input0
[    1.056596] ACPI: Power Button [PWRF]
[    1.057860] input: Sleep Button as /devices/LNXSYSTM:00/LNXSLPBN:00/input/input1
[    1.060199] ACPI: Sleep Button [SLPF]
[    1.063200] ACPI: Battery Slot [BAT0] (battery present)
[    1.064201] Serial: 8250/16550 driver, 32 ports, IRQ sharing enabled
[    1.122790] 00:02: ttyS0 at I/O 0x3f8 (irq = 4, base_baud = 115200) is a 16550A
[    1.127020] Linux agpgart interface v0.103
[    1.129664] loop: module loaded
[    1.131520] scsi host0: ata_piix
[    1.132747] scsi host1: ata_piix
[    1.133955] ata1: PATA max UDMA/33 cmd 0x1f0 ctl 0x3f6 bmdma 0xd000 irq 14
[    1.136082] ata2: PATA max UDMA/33 cmd 0x170 ctl 0x376 bmdma 0xd008 irq 15
[    1.138509] libphy: Fixed MDIO Bus: probed
[    1.139898] tun: Universal TUN/TAP device driver, 1.6
[    1.141632] PPP generic driver version 2.4.2
[    1.142964] ehci_hcd: USB 2.0 'Enhanced' Host Controller (EHCI) Driver
[    1.145224] ehci-pci: EHCI PCI platform driver
[    1.146490] ehci-platform: EHCI generic platform driver
[    1.147936] ohci_hcd: USB 1.1 'Open' Host Controller (OHCI) Driver
[    1.149630] ohci-pci: OHCI PCI platform driver
[    1.150881] ohci-platform: OHCI generic platform driver
[    1.152315] uhci_hcd: USB Universal Host Controller Interface driver
[    1.154098] i8042: PNP: PS/2 Controller [PNP0303:PS2K,PNP0f03:PS2M] at 0x60,0x64 irq 1,12
[    1.156935] serio: i8042 KBD port at 0x60,0x64 irq 1
[    1.158335] serio: i8042 AUX port at 0x60,0x64 irq 12
[    1.159801] mousedev: PS/2 mouse device common for all mice
[    1.161770] input: AT Translated Set 2 keyboard as /devices/platform/i8042/serio0/input/input2
[    1.164699] rtc_cmos rtc_cmos: rtc core: registered rtc_cmos as rtc0
[    1.166489] rtc_cmos rtc_cmos: alarms up to one day, 114 bytes nvram
[    1.168214] i2c /dev entries driver
[    1.169335] device-mapper: uevent: version 1.0.3
[    1.170694] device-mapper: ioctl: 4.37.0-ioctl (2017-09-20) initialised: dm-devel@redhat.com
[    1.173226] ledtrig-cpu: registered to indicate activity on CPUs
[    1.175258] NET: Registered protocol family 10
[    1.181490] Segment Routing with IPv6
[    1.182658] NET: Registered protocol family 17
[    1.184243] Key type dns_resolver registered
[    1.185904] mce: Using 0 MCE banks
[    1.187023] RAS: Correctable Errors collector initialized.
[    1.188783] sched_clock: Marking stable (1188762408, 0)->(1480208545, -291446137)
[    1.191560] registered taskstats version 1
[    1.192993] Loading compiled-in X.509 certificates
[    1.197662] Loaded X.509 cert 'Build time autogenerated kernel key: 9c39388069eaf19f5b3d1506669eb0150e975bc3'
[    1.201262] Loaded X.509 cert 'Canonical Ltd. Live Patch Signing: 14df34d1a87cf37625abec039ef2bf521249b969'
[    1.205050] Loaded X.509 cert 'Canonical Ltd. Kernel Module Signing: 88f752e560a1e0737e31163a466ad7b70a850c19'
[    1.208295] zswap: loaded using pool lzo/zbud
[    1.214215] Key type big_key registered
[    1.215378] Key type trusted registered
[    1.218691] Key type encrypted registered
[    1.220111] AppArmor: AppArmor sha1 policy hashing enabled
[    1.221896] ima: No TPM chip found, activating TPM-bypass! (rc=-19)
[    1.223898] ima: Allocated hash algorithm: sha1
[    1.225470] evm: HMAC attrs: 0x1
[    1.226888]   Magic number: 5:385:728
[    1.228300] rtc_cmos rtc_cmos: setting system clock to 2021-09-23 09:44:59 UTC (1632390299)
[    1.231249] BIOS EDD facility v0.16 2004-Jun-25, 0 devices found
[    1.233176] EDD information not available.
[    2.110082] Freeing unused kernel image memory: 2448K
[    2.124653] Write protecting the kernel read-only data: 20480k
[    2.127290] Freeing unused kernel image memory: 2008K
[    2.129257] Freeing unused kernel image memory: 1824K
[    2.141372] x86/mm: Checked W+X mappings: passed, no W+X pages found.
[    2.143191] x86/mm: Checking user space page tables
[    2.155068] x86/mm: Checked W+X mappings: passed, no W+X pages found.
Loading, please wait...
starting version 237
[    2.251495] e1000: Intel(R) PRO/1000 Network Driver - version 7.3.21-k8-NAPI
[    2.253626] e1000: Copyright (c) 1999-2006 Intel Corporation.
[    2.258501] Fusion MPT base driver 3.04.20
[    2.259734] Copyright (c) 1999-2008 LSI Corporation
[    2.281338] AVX2 version of gcm_enc/dec engaged.
[    2.282770] AES CTR mode by8 optimization enabled
[    2.294881] Fusion MPT SPI Host driver 3.04.20
[    2.509474] input: ImExPS/2 Generic Explorer Mouse as /devices/platform/i8042/serio1/input/input4
[    2.957385] e1000 0000:00:03.0 eth0: (PCI:33MHz:32-bit) 02:76:f9:31:a6:25
[    2.959443] e1000 0000:00:03.0 eth0: Intel(R) PRO/1000 Network Connection
[    2.962969] mptbase: ioc0: Initiating bringup
[    2.962970] e1000 0000:00:03.0 enp0s3: renamed from eth0
[    3.065212] ioc0: LSI53C1030 A0: Capabilities={Initiator}
[    3.308340] scsi host2: ioc0: LSI53C1030 A0, FwRev=00000000h, Ports=1, MaxQ=256, IRQ=20
[    3.477159] scsi 2:0:0:0: Direct-Access     VBOX     HARDDISK         1.0  PQ: 0 ANSI: 5
[    3.512837] scsi target2:0:0: Beginning Domain Validation
[    3.517594] scsi target2:0:0: Domain Validation skipping write tests
[    3.519364] scsi target2:0:0: Ending Domain Validation
[    3.521100] scsi target2:0:0: asynchronous
[    3.523422] scsi 2:0:1:0: Direct-Access     VBOX     HARDDISK         1.0  PQ: 0 ANSI: 5
[    3.556091] scsi target2:0:1: Beginning Domain Validation
[    3.560243] random: fast init done
[    3.562342] scsi target2:0:1: Domain Validation skipping write tests
[    3.564259] scsi target2:0:1: Ending Domain Validation
[    3.566012] scsi target2:0:1: asynchronous
[    3.573827] random: systemd-udevd: uninitialized urandom read (16 bytes read)
[    3.573912] sd 2:0:0:0: Attached scsi generic sg0 type 0
[    3.575909] random: systemd-udevd: uninitialized urandom read (16 bytes read)
[    3.577649] sd 2:0:1:0: Attached scsi generic sg1 type 0
[    3.579592] random: systemd-udevd: uninitialized urandom read (16 bytes read)
[    3.585009] sd 2:0:0:0: [sda] 83886080 512-byte logical blocks: (42.9 GB/40.0 GiB)
[    3.587404] sd 2:0:1:0: [sdb] 20480 512-byte logical blocks: (10.5 MB/10.0 MiB)
[    3.589862] sd 2:0:0:0: [sda] Write Protect is off
[    3.591325] sd 2:0:1:0: [sdb] Write Protect is off
[    3.592952] sd 2:0:0:0: [sda] Incomplete mode parameter data
[    3.594644] sd 2:0:0:0: [sda] Assuming drive cache: write through
[    3.596683] sd 2:0:1:0: [sdb] Incomplete mode parameter data
[    3.598383] sd 2:0:1:0: [sdb] Assuming drive cache: write through
[    3.603796]  sda: sda1
[    3.605973] sd 2:0:0:0: [sda] Attached SCSI disk
[    3.608006] sd 2:0:1:0: [sdb] Attached SCSI disk
Begin: Loading essential drivers ... [    5.652119] raid6: sse2x1   gen()  8661 MB/s
[    5.700085] raid6: sse2x1   xor()  6322 MB/s
[    5.748136] raid6: sse2x2   gen() 10752 MB/s
[    5.796107] raid6: sse2x2   xor()  7232 MB/s
[    5.844118] raid6: sse2x4   gen() 12493 MB/s
[    5.892090] raid6: sse2x4   xor()  7579 MB/s
[    5.940101] raid6: avx2x1   gen() 17459 MB/s
[    5.988131] raid6: avx2x1   xor() 12199 MB/s
[    6.036148] raid6: avx2x2   gen() 21254 MB/s
[    6.084033] raid6: avx2x2   xor() 13289 MB/s
[    6.132102] raid6: avx2x4   gen() 24132 MB/s
[    6.180101] raid6: avx2x4   xor() 14505 MB/s
[    6.181465] raid6: using algorithm avx2x4 gen() 24132 MB/s
[    6.183047] raid6: .... xor() 14505 MB/s, rmw enabled
[    6.184607] raid6: using avx2x2 recovery algorithm
[    6.187240] xor: automatically using best checksumming function   avx       
[    6.190520] async_tx: api initialized (async)
done.
Begin: Running /scripts/init-premount ... done.
Begin: Mounting root file system ... Begin: Running /scripts/local-top ... done.
Begin: Running /scripts/local-premount ... [    6.249652] Btrfs loaded, crc32c=crc32c-intel
Scanning for Btrfs filesystems
done.
Warning: fsck not present, so skipping root file system
[    6.294549] EXT4-fs (sda1): mounted filesystem with ordered data mode. Opts: (null)
done.
Begin: Running /scripts/local-bottom ... done.
Begin: Running /scripts/init-bottom ... done.
[    6.508496] ip_tables: (C) 2000-2006 Netfilter Core Team
[    6.521071] systemd[1]: systemd 237 running in system mode. (+PAM +AUDIT +SELINUX +IMA +APPARMOR +SMACK +SYSVINIT +UTMP +LIBCRYPTSETUP +GCRYPT +GNUTLS +ACL +XZ +LZ4 +SECCOMP +BLKID +ELFUTILS +KMOD -IDN2 +IDN -PCRE2 default-hierarchy=hybrid)
[    6.527583] systemd[1]: Detected virtualization oracle.
[    6.529835] systemd[1]: Detected architecture x86-64.

Welcome to [1mUbuntu 18.04.6 LTS[0m!

[    6.537264] systemd[1]: Set hostname to <ubuntu>.
[    6.543172] systemd[1]: Initializing machine ID from random generator.
[    6.545193] systemd[1]: Installed transient /etc/machine-id file.
[    6.890296] systemd[1]: Reached target User and Group Name Lookups.
[[0;32m  OK  [0m] Reached target User and Group Name Lookups.
[    6.894917] systemd[1]: Created slice User and Session Slice.
[[0;32m  OK  [0m] Created slice User and Session Slice.
[    6.897531] systemd[1]: Reached target System Time Synchronized.
[[0;32m  OK  [0m] Reached target System Time Synchronized.
[    6.900503] systemd[1]: Created slice System Slice.
[[0;32m  OK  [0m] Created slice System Slice.
[[0;32m  OK  [0m] Listening on LVM2 metadata daemon socket.
[[0;32m  OK  [0m] Reached target Slices.
[[0;32m  OK  [0m] Listening on LVM2 poll daemon socket.
[[0;32m  OK  [0m] Listening on Journal Socket.
         Starting Create list of required st…ce nodes for the current kernel...
[[0;32m  OK  [0m] Listening on /dev/initctl Compatibility Named Pipe.
         Mounting Huge Pages File System...
[[0;32m  OK  [0m] Listening on Journal Audit Socket.
[[0;32m  OK  [0m] Listening on Network Service Netlink Socket.
         Starting Set the console keyboard layout...
[[0;32m  OK  [0m] Set up automount Arbitrary Executab…rmats File System Automount Point.
[[0;32m  OK  [0m] Listening on Device-mapper event daemon FIFOs.
         Starting Monitoring of LVM2 mirrors…ng dmeventd or progress polling...
[[0;32m  OK  [0m] Started Forward Password Requests to Wall Directory Watch.
[[0;32m  OK  [0m] Listening on Syslog Socket.
[[0;32m  OK  [0m] Listening on fsck to fsckd communication Socket.
         Starting File System Check on Root Device...
[[0;32m  OK  [0m] Listening on udev Kernel Socket.
         Mounting Kernel Debug File System...
         Starting Uncomplicated firewall...
         Starting Load Kernel Modules...
         Mounting POSIX Message Queue File System...
[[0;32m  OK  [0m] Reached target Swap.
[[0;32m  OK  [0m] Listening on udev Control Socket.
         Starting udev Coldplug all Devices...
[[0;32m  OK  [0m] Listening on Journal Socket (/dev/log).
         Starting Journal Service...
[[0;32m  OK  [0m] Created slice system-serial\x2dgetty.slice.
[[0;32m  OK  [0m] Started Create list of required sta…vice nodes for the current kernel.
[[0;32m  OK  [0m] Mounted Huge Pages File System.
[    7.049385] Loading iSCSI transport class v2.0-870.
[[0;32m  OK  [0m] Mounted Kernel Debug File System.
[[0;32m  OK  [0m] Started Uncomplicated firewall.
[[0;32m  OK  [0m] Mounted POSIX Message Queue File System.
[    7.058938] iscsi: registered transport (tcp)
[[0;32m  OK  [0m] Started LVM2 metadata daemon.
[[0;32m  OK  [0m] Started File System Check Daemon to report status.
         Starting Create Static Device Nodes in /dev...
[[0;32m  OK  [0m] Started File System Check on Root Device.
         Starting Remount Root and Kernel File Systems...
[[0;32m  OK  [0m] Started Create Static Device Nodes in /dev.
[[0;32m  OK  [0m] Started udev Coldplug all Devices.
[[0;32m  OK  [0m] Started Journal Service.
[    7.178835] iscsi: registered transport (iser)
[[0;32m  OK  [0m] Started Load Kernel Modules.
         Mounting FUSE Control File System...
         Mounting Kernel Configuration File System...
[    7.203993] EXT4-fs (sda1): re-mounted. Opts: (null)
         Starting Apply Kernel Variables...
[[0;32m  OK  [0m] Started Monitoring of LVM2 mirrors,…sing dmeventd or progress polling.
[[0;32m  OK  [0m] Started Remount Root and Kernel File Systems.
[[0;32m  OK  [0m] Started Set the console keyboard layout.
[[0;32m  OK  [0m] Mounted FUSE Control File System.
[[0;32m  OK  [0m] Mounted Kernel Configuration File System.
[[0;32m  OK  [0m] Started Apply Kernel Variables.
         Starting udev Kernel Device Manager...
         Starting Flush Journal to Persistent Storage...
         Starting Load/Save Random Seed...
[[0;32m  OK  [0m] Reached target Local File Systems (Pre).
[[0;32m  OK  [0m] Reached target Local File Systems.
         Starting Set console font and keymap...
         Starting AppArmor initialization...
         Starting Commit a transient machine-id on disk...
         Starting Tell Plymouth To Write Out Runtime Data...
         Starting ebtables ruleset management...
[[0;32m  OK  [0m] Started udev Kernel Device Manager.
[[0;32m  OK  [0m] Started Dispatch Password Requests to Console Directory Watch.
[[0;32m  OK  [0m] Reached target Local Encrypted Volumes.
[[0;32m  OK  [0m] Started Load/Save Random Seed.
[[0;32m  OK  [0m] Started Set console font and keymap.
[[0;32m  OK  [0m] Started Tell Plymouth To Write Out Runtime Data.
[[0;32m  OK  [0m] Started Commit a transient machine-id on disk.
[[0;32m  OK  [0m] Started Flush Journal to Persistent Storage.
         Starting Create Volatile Files and Directories...
[[0;32m  OK  [0m] Started Create Volatile Files and Directories.
         Starting Update UTMP about System Boot/Shutdown...
[[0;32m  OK  [0m] Started Update UTMP about System Boot/Shutdown.
[[0;32m  OK  [0m] Started ebtables ruleset management.
[[0;32m  OK  [0m] Found device /dev/ttyS0.
[[0;32m  OK  [0m] Listening on Load/Save RF Kill Switch Status /dev/rfkill Watch.
[[0;32m  OK  [0m] Started AppArmor initialization.
         Starting Load AppArmor profiles managed internally by snapd...
         Starting Initial cloud-init job (pre-networking)...
[[0;32m  OK  [0m] Started Load AppArmor profiles managed internally by snapd.
[   11.394595] cloud-init[575]: Cloud-init v. 21.2-3-g899bfaa9-0ubuntu2~18.04.1 running 'init-local' at Thu, 23 Sep 2021 09:45:09 +0000. Up 10.81 seconds.
[[0;32m  OK  [0m] Started Initial cloud-init job (pre-networking).
[[0;32m  OK  [0m] Reached target Network (Pre).
         Starting Network Service...
[[0;32m  OK  [0m] Started Network Service.
         Starting Wait for Network to be Configured...
         Starting Network Name Resolution...
[[0;32m  OK  [0m] Started Network Name Resolution.
[[0;32m  OK  [0m] Reached target Host and Network Name Lookups.
[[0;32m  OK  [0m] Reached target Network.
[[0;32m  OK  [0m] Started Wait for Network to be Configured.
         Starting Initial cloud-init job (metadata service crawler)...
[   13.847156] cloud-init[684]: Cloud-init v. 21.2-3-g899bfaa9-0ubuntu2~18.04.1 running 'init' at Thu, 23 Sep 2021 09:45:11 +0000. Up 13.57 seconds.
[   13.849113] cloud-init[684]: ci-info: ++++++++++++++++++++++++++++++++++++++Net device info++++++++++++++++++++++++++++++++++++++
[   13.850358] cloud-init[684]: ci-info: +--------+------+----------------------------+---------------+--------+-------------------+
[   13.851547] cloud-init[684]: ci-info: | Device |  Up  |          Address           |      Mask     | Scope  |     Hw-Address    |
[   13.852760] cloud-init[684]: ci-info: +--------+------+----------------------------+---------------+--------+-------------------+
[   13.854501] cloud-init[684]: ci-info: | enp0s3 | True |         10.0.2.15          | 255.255.255.0 | global | 02:76:f9:31:a6:25 |
[   13.856545] cloud-init[684]: ci-info: | enp0s3 | True | fe80::76:f9ff:fe31:a625/64 |       .       |  link  | 02:76:f9:31:a6:25 |
[   13.858163] cloud-init[684]: ci-info: |   lo   | True |         127.0.0.1          |   255.0.0.0   |  host  |         .         |
[   13.860207] cloud-init[684]: ci-info: |   lo   | True |          ::1/128           |       .       |  host  |         .         |
[   13.872216] cloud-init[684]: ci-info: +--------+------+----------------------------+---------------+--------+-------------------+
[   13.884274] cloud-init[684]: ci-info: ++++++++++++++++++++++++++++Route IPv4 info+++++++++++++++++++++++++++++
[   13.885277] cloud-init[684]: ci-info: +-------+-------------+----------+-----------------+-----------+-------+
[   14.000927] cloud-init[684]: ci-info: | Route | Destination | Gateway  |     Genmask     | Interface | Flags |
[   14.001996] cloud-init[684]: ci-info: +-------+-------------+----------+-----------------+-----------+-------+
[   14.002992] cloud-init[684]: ci-info: |   0   |   0.0.0.0   | 10.0.2.2 |     0.0.0.0     |   enp0s3  |   UG  |
[   14.012186] cloud-init[684]: ci-info: |   1   |   10.0.2.0  | 0.0.0.0  |  255.255.255.0  |   enp0s3  |   U   |
[   14.013401] cloud-init[684]: ci-info: |   2   |   10.0.2.2  | 0.0.0.0  | 255.255.255.255 |   enp0s3  |   UH  |
[   14.014597] cloud-init[684]: ci-info: +-------+-------------+----------+-----------------+-----------+-------+
[   14.024585] cloud-init[684]: ci-info: +++++++++++++++++++Route IPv6 info+++++++++++++++++++
[   14.036311] cloud-init[684]: ci-info: +-------+-------------+---------+-----------+-------+
[   14.038248] cloud-init[684]: ci-info: | Route | Destination | Gateway | Interface | Flags |
[   14.048267] cloud-init[684]: ci-info: +-------+-------------+---------+-----------+-------+
[   14.064652] cloud-init[684]: ci-info: |   1   |  fe80::/64  |    ::   |   enp0s3  |   U   |
[   14.066314] cloud-init[684]: ci-info: |   3   |    local    |    ::   |   enp0s3  |   U   |
[   14.067836] cloud-init[684]: ci-info: |   4   |   ff00::/8  |    ::   |   enp0s3  |   U   |
[   14.069586] cloud-init[684]: ci-info: +-------+-------------+---------+-----------+-------+
[   14.716101] cloud-init[684]: Generating public/private rsa key pair.
[   14.716918] cloud-init[684]: Your identification has been saved in /etc/ssh/ssh_host_rsa_key.
[   14.717820] cloud-init[684]: Your public key has been saved in /etc/ssh/ssh_host_rsa_key.pub.
[   14.718835] cloud-init[684]: The key fingerprint is:
[   14.719468] cloud-init[684]: SHA256:SjI137is6ZzHRZRAS5OqTtCcL5S7VJ2PkrayByOoAZI root@ubuntu-bionic
[   14.736173] cloud-init[684]: The key's randomart image is:
[   14.748214] cloud-init[684]: +---[RSA 2048]----+
[   14.748841] cloud-init[684]: |       .=o .     |
[   14.760205] cloud-init[684]: |       ..oo      |
[   14.760821] cloud-init[684]: | . o ooo.o       |
[   14.772264] cloud-init[684]: |E . *.oooo.      |
[   14.773272] cloud-init[684]: |o. oo=..S+.      |
[   14.773850] cloud-init[684]: |o . O+=o..o      |
[[   14.784209] [0;32m  OK  [0mcloud-init] [684]: Started Initial cloud-init job (metadata service crawler).|.. = *.+o.       |

[   14.785662] cloud-init[684]: |.   +.o+o        |
[   14.786181] cloud-init[684]: |    .=*.         |
[   14.786260] cloud-init[684]: +----[SHA256]-----+
[   14.786540] cloud-init[684]: Generating public/private dsa key pair.
[[0;32m  OK  [0m] Reached target System Initialization.
[   14.786794] cloud-init[684]: Your identification has been saved in /etc/ssh/ssh_host_dsa_key.
[[   14.800822] [0;32m  OK  [0mcloud-init] [684]: Listening on Open-iSCSI iscsid Socket.Your public key has been saved in /etc/ssh/ssh_host_dsa_key.pub.

[   14.802060] cloud-init[684]: The key fingerprint is:
[[   14.802140] [0;32m  OK  [0mcloud-init] [684]: Started Ubuntu Advantage update messaging.SHA256:9l9r3K0+tEKrWWNaGjRRe+zXGUXsnE9iEQ2MLEm2G6o root@ubuntu-bionic

[   14.804501] cloud-init[684]: The key's randomart image is:
         Starting LXD - unix socket.
[   14.816189] cloud-init[684]: +---[DSA 1024]----+
[   14.817076] cloud-init[684]: |         .oo.oo*o|
[   14.817166] cloud-init[684]: |         .ooooo +|
[   14.817368] cloud-init[684]: |          +.. o=.|
[[0;32m  OK  [0m] Started Daily Cleanup of Temporary Directories.
[   14.817766] cloud-init[684]: |         . + oo.B|
[[0;32m  OK  [0m] Listening on UUID daemon activation socket.
[   14.833684] cloud-init[684]: |        S +  ..++|
[   14.834665] cloud-init[684]: |       o o .. ...|
[[   14.844880] [0;32m  OK  [0mcloud-init] [684]: |      E   o.=+.o.|
Started Discard unused blocks once a week.
[   14.844975] cloud-init[684]: |           Xoo=.o|
[[0;32m  OK  [0m] Listening on D-Bus System Message Bus Socket.
[   14.872660] cloud-init[684]: |          =..++o |
[[   14.874006] [0;32m  OK  [0mcloud-init] [684]: Listening on ACPID Listen Socket.+----[SHA256]-----+

[   14.874079] cloud-init[684]: Generating public/private ecdsa key pair.
[   14.875866] cloud-init[684]: Your identification has been saved in /etc/ssh/ssh_host_ecdsa_key.
[   14.877229] cloud-init[684]: Your public key has been saved in /etc/ssh/ssh_host_ecdsa_key.pub.
[   14.878004] cloud-init[684]: The key fingerprint is:
[   14.878643] cloud-init[684]: SHA256:0hNiD6NTANwTMnLa5ty2J+sF7wNjxrAKmzus3aDmkCw root@ubuntu-bionic
         Starting Socket activation for snappy daemon.[   14.880920] cloud-init[684]: The key's randomart image is:
[   14.881171] cloud-init[684]: +---[ECDSA 256]---+
[   14.881838] cloud-init[684]: |..=oo.           |
[   14.882465] cloud-init[684]: | =.oo.           |
[   14.883123] cloud-init[684]: |. o  .* .        |
[   14.883765] cloud-init[684]: | +.. + * .       |
[   14.884909] cloud-init[684]: |  o+* . S        |
[   14.885527] cloud-init[684]: |o...*= . .       |

[   14.886010] cloud-init[684]: |E=.ooo+          |
[   14.886980] cloud-init[684]: |B= o *.          |
[   14.887040] cloud-init[684]: |B+..+ ..         |
[   14.887110] cloud-init[684]: +----[SHA256]-----+
[   14.887194] cloud-init[684]: Generating public/private ed25519 key pair.
[   14.887286] cloud-init[684]: Your identification has been saved in /etc/ssh/ssh_host_ed25519_key.
[   14.887366] cloud-init[684]: Your public key has been saved in /etc/ssh/ssh_host_ed25519_key.pub.
[   14.887449] cloud-init[684]: The key fingerprint is:
[   14.887736] cloud-init[684]: SHA256:VBoM//lKIc84Cq20xd5UlUVb8ZUkX/e0TbjfE82zwkY root@ubuntu-bionic
[   14.887824] cloud-init[684]: The key's randomart image is:
[   14.888112] cloud-init[684]: +--[ED25519 256]--+
[   14.888620] cloud-init[684]: |      .o. .  o++X|
[   14.889245] cloud-init[684]: |       ..+   o+*O|
[   14.889908] cloud-init[684]: |        +   o .==|
[   14.890562] cloud-init[684]: |       . . o E.oo|
[   14.891191] cloud-init[684]: |        S = o  .=|
[[0;32m  OK  [0m] Started Message of the Day.
[[0;32m  OK  [0m] Started Daily apt download activities.
[[0;32m  OK  [0m] Started Daily apt upgrade and clean activities.
[[0;32m  OK  [0m] Reached target Timers.
[   14.891739] cloud-init[684]: |     o   * o + oo|
[[0;32m  OK  [0m] Started ACPI Events Check.
[[0;32m  OK  [0m] Reached target Paths.
[   14.924787] [cloud-init[0;32m  OK  [0m] Reached target Network is Online.
[684]: |    o + + + o . .|
[[0;32m  OK  [0m] Reached target Remote File Systems (Pre).
[[0;32m  OK  [0m] Reached target Remote File Systems.
[   14.937511] cloud-init[684]: |   . * + o .     |
         Starting Availability of block devices...
[[0;32m  OK  [0m] Reached target Cloud-config availability.
[   14.939278] [[0;32m  OK  [0m] Listening on LXD - unix socket.
[[0;32m  OK  [0m] Listening on Socket activation for snappy daemon.
cloud-init[684]: |    o o . .      |
[[0;32m  OK  [0m] Started Availability of block devices.
[   14.950975] cloud-init[684]: +----[SHA256]-----+
[[0;32m  OK  [0m] Reached target Sockets.
[[0;32m  OK  [0m] Reached target Basic System.
         Starting Pollinate to seed the pseudo random number generator...
         Starting Virtualbox guest utils...
         Starting System Logging Service...
         Starting LSB: Record successful boot for GRUB...
[[0;32m  OK  [0m] Started Regular background program processing daemon.
         Starting Accounts Service...
[[0;32m  OK  [0m] Started Deferred execution scheduler.
[[0;32m  OK  [0m] Started FUSE filesystem for LXC.
[[0;32m  OK  [0m] Started D-Bus System Message Bus.
         Starting LXD - container startup/shutdown...
         Starting Permit User Sessions...
[[0;32m  OK  [0m] Started irqbalance daemon.
         Starting Dispatcher daemon for systemd-networkd...
         Starting LSB: automatic crash report generation...
         Starting Login Service...
         Starting Snap Daemon...
[[0;32m  OK  [0m] Started System Logging Service.
[[0;32m  OK  [0m] Started Permit User Sessions.
[[0;32m  OK  [0m] Started Login Service.
[[0;32m  OK  [0m] Started Unattended Upgrades Shutdown.
         Starting Authorization Manager...
         Starting Hold until boot process finishes up...
         Starting Terminate Plymouth Boot Screen...
[[0;32m  OK  [0m] Started Hold until boot process finishes up.
         Starting Set console scheme...
[[0;32m  OK  [0m] Started Serial Getty on ttyS0.
[[0;32m  OK  [0m] Started Terminate Plymouth Boot Screen.
[[0;32m  OK  [0m] Started Set console scheme.
[[0;32m  OK  [0m] Created slice system-getty.slice.
[[0;32m  OK  [0m] Started Getty on tty1.
[[0;32m  OK  [0m] Reached target Login Prompts.
[[0;32m  OK  [0m] Started LSB: Record successful boot for GRUB.
[[0;32m  OK  [0m] Started LSB: automatic crash report generation.
[[0;32m  OK  [0m] Started Authorization Manager.
[[0;32m  OK  [0m] Started Accounts Service.
[[0;32m  OK  [0m] Started Virtualbox guest utils.
[[0;32m  OK  [0m] Started LXD - container startup/shutdown.
[[0;32m  OK  [0m] Started Dispatcher daemon for systemd-networkd.
[[0;32m  OK  [0m] Started Snap Daemon.
         Starting Wait until snapd is fully seeded...
[[0;32m  OK  [0m] Started Pollinate to seed the pseudo random number generator.
         Starting OpenBSD Secure Shell server...
[[0;32m  OK  [0m] Started OpenBSD Secure Shell server.
[[0;32m  OK  [0m] Created slice User Slice of vagrant.
         Starting User Manager for UID 1000...
[[0;32m  OK  [0m] Started Session 1 of user vagrant.
[[0;32m  OK  [0m] Started User Manager for UID 1000.

Ubuntu 18.04.6 LTS ubuntu-bionic ttyS0

ubuntu-bionic login: [   50.114565] cloud-init[1784]: Cloud-init v. 21.2-3-g899bfaa9-0ubuntu2~18.04.1 running 'modules:config' at Thu, 23 Sep 2021 09:45:47 +0000. Up 49.49 seconds.
ci-info: no authorized SSH keys fingerprints found for user ubuntu.
<14>Sep 23 09:45:49 cloud-init: #############################################################
<14>Sep 23 09:45:49 cloud-init: -----BEGIN SSH HOST KEY FINGERPRINTS-----
<14>Sep 23 09:45:49 cloud-init: 1024 SHA256:9l9r3K0+tEKrWWNaGjRRe+zXGUXsnE9iEQ2MLEm2G6o root@ubuntu-bionic (DSA)
<14>Sep 23 09:45:49 cloud-init: 256 SHA256:0hNiD6NTANwTMnLa5ty2J+sF7wNjxrAKmzus3aDmkCw root@ubuntu-bionic (ECDSA)
<14>Sep 23 09:45:49 cloud-init: 256 SHA256:VBoM//lKIc84Cq20xd5UlUVb8ZUkX/e0TbjfE82zwkY root@ubuntu-bionic (ED25519)
<14>Sep 23 09:45:49 cloud-init: 2048 SHA256:SjI137is6ZzHRZRAS5OqTtCcL5S7VJ2PkrayByOoAZI root@ubuntu-bionic (RSA)
<14>Sep 23 09:45:49 cloud-init: -----END SSH HOST KEY FINGERPRINTS-----
<14>Sep 23 09:45:49 cloud-init: #############################################################
-----BEGIN SSH HOST KEY KEYS-----
ecdsa-sha2-nistp256 AAAAE2VjZHNhLXNoYTItbmlzdHAyNTYAAAAIbmlzdHAyNTYAAABBBPrkg2E88VUhcV6BLv4OMTS0GtE9cjDBmU8VrlGecXQxzTOt3Ry6p1MeEQyXDcShubAqOkf186+9XFPmlGfRJVo= root@ubuntu-bionic
ssh-ed25519 AAAAC3NzaC1lZDI1NTE5AAAAICi6YP7lkBmG8EALXqe7aad6mxb3PQnptuo8fvgKWbAR root@ubuntu-bionic
ssh-rsa AAAAB3NzaC1yc2EAAAADAQABAAABAQDOXAe1d6XPLMWIYWAs3QWVQpEGDkTmXgjevDV2IcTK2LB4izwIJg9jprnCe+d4m/MSh8RiL813v7qnWGa86qdCL/Ze/BA8nvWdmWy9gxxfYoIJZSSsaTHFz+R5vXwQqA1lJeulYl5IzdEUXHHIn5TEo4y3eRZqhwZTayNmpJCl+sIxCBPV3DkT7FVaahby8Unl66qZdrkgQGeaVQDOGxXAinGNCzkx+1xRgM0m+jRAsiLR/cMc5OIA94NAjvPHOuQ4aZ8BBgmVsHa3Az/JBVBf5LC27JB9hPBe2IlsMZPxDczdodyiNTAYc7dsIb4lkNbgj3NWI1aNok+utw1zsVZR root@ubuntu-bionic
-----END SSH HOST KEY KEYS-----
[   51.040405] cloud-init[1837]: Cloud-init v. 21.2-3-g899bfaa9-0ubuntu2~18.04.1 running 'modules:final' at Thu, 23 Sep 2021 09:45:49 +0000. Up 50.78 seconds.
[   51.040543] cloud-init[1837]: ci-info: no authorized SSH keys fingerprints found for user ubuntu.
[   51.041160] cloud-init[1837]: Cloud-init v. 21.2-3-g899bfaa9-0ubuntu2~18.04.1 finished at Thu, 23 Sep 2021 09:45:49 +0000. Datasource DataSourceNoCloud [seed=/dev/sdb][dsmode=net].  Up 51.02 seconds
